<?xml version="1.0" encoding="UTF-8"?>
<!-- Generated by org.testng.reporters.JUnitXMLReporter -->
<testsuite hostname="DESKTOP-O7CDP7E" ignored="0" name="TC_01CreateEmployee" tests="2" failures="0" timestamp="2019-11-15T19:57:04 IST" time="27.275" errors="0">
  <testcase name="createEmployee" time="10.048" classname="com.automation.testscipts.HybridAutomation.TC_01CreateEmployee"/>
  <testcase name="createEmployee" time="7.993" classname="com.automation.testscipts.HybridAutomation.TC_01CreateEmployee"/>
</testsuite> <!-- TC_01CreateEmployee -->
